<?xml version="1.0" encoding="UTF-8"?>
<testng-results skipped="0" failed="0" ignored="0" total="1" passed="1">
  <reporter-output>
  </reporter-output>
  <suite name="Surefire suite" duration-ms="64809" started-at="2022-02-21T15:42:36 IST" finished-at="2022-02-21T15:43:41 IST">
    <groups>
      <group name="cucumber">
        <method signature="AbstractTestNGCucumberTests.runScenario(io.cucumber.testng.PickleWrapper,io.cucumber.testng.FeatureWrapper)[pri:0, instance:cucumberoptions.TestngTestRunner@74ad1f1f]" name="runScenario" class="io.cucumber.testng.AbstractTestNGCucumberTests"/>
      </group> <!-- cucumber -->
    </groups>
    <test name="Surefire test" duration-ms="64809" started-at="2022-02-21T15:42:36 IST" finished-at="2022-02-21T15:43:41 IST">
      <class name="cucumberoptions.TestngTestRunner">
        <test-method status="PASS" signature="setUpClass(org.testng.ITestContext)[pri:0, instance:cucumberoptions.TestngTestRunner@74ad1f1f]" name="setUpClass" is-config="true" duration-ms="881" started-at="2022-02-21T15:42:36 IST" finished-at="2022-02-21T15:42:37 IST">
          <params>
            <param index="0">
              <value>
                <![CDATA[org.testng.TestRunner@2c88b9fc]]>
              </value>
            </param>
          </params>
          <reporter-output>
          </reporter-output>
        </test-method> <!-- setUpClass -->
        <test-method status="PASS" signature="runScenario(io.cucumber.testng.PickleWrapper,io.cucumber.testng.FeatureWrapper)[pri:0, instance:cucumberoptions.TestngTestRunner@74ad1f1f]" name="runScenario" duration-ms="63561" started-at="2022-02-21T15:42:37 IST" description="Runs Cucumber Scenarios" data-provider="scenarios" finished-at="2022-02-21T15:43:41 IST">
          <params>
            <param index="0">
              <value>
                <![CDATA[": Seearch Exprience for the product search in both home and offes page"]]>
              </value>
            </param>
            <param index="1">
              <value>
                <![CDATA["Optional[Place the order for Products]"]]>
              </value>
            </param>
          </params>
          <reporter-output>
          </reporter-output>
        </test-method> <!-- runScenario -->
        <test-method status="PASS" signature="tearDownClass()[pri:0, instance:cucumberoptions.TestngTestRunner@74ad1f1f]" name="tearDownClass" is-config="true" duration-ms="334" started-at="2022-02-21T15:43:41 IST" finished-at="2022-02-21T15:43:41 IST">
          <reporter-output>
          </reporter-output>
        </test-method> <!-- tearDownClass -->
      </class> <!-- cucumberoptions.TestngTestRunner -->
    </test> <!-- Surefire test -->
  </suite> <!-- Surefire suite -->
</testng-results>
