<?xml version="1.0" encoding="UTF-8"?>
<testsuite xmlns:xsi="http://www.w3.org/2001/XMLSchema-instance" xsi:noNamespaceSchemaLocation="https://maven.apache.org/surefire/maven-surefire-plugin/xsd/surefire-test-report-3.0.xsd" version="3.0" name="TestSuite" time="65.403" tests="1" errors="0" skipped="0" failures="0">
  <properties>
[...]
</properties>
  <testcase name="runScenario[&quot;: Seearch Exprience for the product search in both home and offes page&quot;, &quot;Optional[Place the order for Products]&quot;](1)" classname="cucumberoptions.TestngTestRunner" time="63.577">
    <system-out><![CDATA[TitleofPage  GreenKart - veg and fruits kart
Before Split>>> Tomato - 1 Kg
Tomato is extracted from Home page	
PromocodeStatus>>Invalid code ..!
]]></system-out>
    <system-err><![CDATA[SLF4J: Failed to load class "org.slf4j.impl.StaticLoggerBinder".
SLF4J: Defaulting to no-operation (NOP) logger implementation
SLF4J: See http://www.slf4j.org/codes.html#StaticLoggerBinder for further details.
1645438369115	geckodriver	INFO	Listening on 127.0.0.1:64754
1645438370117	mozrunner::runner	INFO	Running command: "C:\\Program Files (x86)\\Mozilla Firefox\\firefox.exe" "--marionette" "--remote-debugging-port" "58549" "-no-remote" "-profile" "C:\\WINDOWS\\TEMP\\rust_mozprofileZBngI7"
1645438378397	Marionette	INFO	Marionette enabled
[GFX1-]: RcANGLE(no compositor window)
[GFX1-]: Failed to connect WebRenderBridgeChild.
[GFX1-]: Fallback WR to SW-WR + D3D11
[GFX1-]: [D3D11] create swap chain failed: 0x887a0022, 0
[GFX1-]: Failed to initialize CompositorD3D11 for SWGL: FEATURE_FAILURE_D3D11_SWAP_CHAIN
console.warn: SearchSettings: "get: No settings file exists, new profile?" (new NotFoundError("Could not open the file at C:\\Windows\\Temp\\rust_mozprofileZBngI7\\search.json.mozlz4", (void 0)))
[GFX1-]: [D3D11] create swap chain failed: 0x887a0022, 0
[GFX1-]: Failed to initialize CompositorD3D11 for SWGL: FEATURE_FAILURE_D3D11_SWAP_CHAIN
DevTools listening on ws://localhost:58549/devtools/browser/46f254fa-afd8-4fa4-aeb2-6aa2149a1be8
1645438399350	Marionette	INFO	Listening on port 63189
1645438400438	RemoteAgent	WARN	TLS certificate errors will be ignored for this session
Feb 21, 2022 3:43:20 PM org.openqa.selenium.remote.ProtocolHandshake createSession
INFO: Detected dialect: W3C
1645438408119	Marionette	WARN	TimedPromise timed out after 500 ms: stacktrace:
TimedPromise/<@chrome://remote/content/marionette/sync.js:235:19
TimedPromise@chrome://remote/content/marionette/sync.js:220:10
interaction.flushEventLoop@chrome://remote/content/marionette/interaction.js:431:10
webdriverClickElement@chrome://remote/content/marionette/interaction.js:179:31
1645438418258	Marionette	INFO	Stopped listening on port 63189
console.error: "Could not write session state file " (nJeawva ScErrirpotr (e"rIrOoUrt:i lrse:s oSuhruce:t/t/igrneg/ mdoowdnu laensd/ CrreafsuhsMinog naidtdoirt.ijosnma,l  lIi/nO teasks "20,1 :(v oAidb o0)r,t 1E0r6)ro)r :" DIOOMEUxtciepltsi:o nS@hruetstoiunrg cdeo:wn/ /agndr ere/fmuosdinug ladedsi/tPiroomniasle WIor/kOer .jtsma:s1k0s6:
18\npostMessage@resource://gre/modules/PromiseWorker.jsm:342:55\nobserve@resource://gre/modules/AsyncShutdown.jsm:575:16\n"
]]></system-err>
  </testcase>
</testsuite>